Using pre-set license
Desktop is 6400 x 1440 @ 60 Hz

 COMMAND LINE ARGUMENTS:
Unity
-adb2
-batchMode
-noUpm
-name
AssetImportWorker0
-projectPath
/home/matei/Projects/UnityProject/UnityGame
-logFile
Logs/AssetImportWorker0.log
-srvPort
37015
Successfully changed project path to: /home/matei/Projects/UnityProject/UnityGame
/home/matei/Projects/UnityProject/UnityGame
Using Asset Import Pipeline V2.
Refreshing native plugins compatible for Editor in 43,93 ms, found 0 plugins.
Preloading 0 native plugins for Editor in 0,00 ms.
Initialize engine version: 2020.2.1f1 (270dd8c3da1c)
[Subsystems] Discovering subsystems at path /home/matei/Unity/Hub/Editor/2020.2.1f1/Editor/Data/Resources/UnitySubsystems
[Subsystems] Discovering subsystems at path /home/matei/Projects/UnityProject/UnityGame/Assets
GLX Extensions: GLX_EXT_visual_info GLX_EXT_visual_rating GLX_EXT_import_context GLX_SGIX_fbconfig GLX_SGIX_pbuffer GLX_SGI_video_sync GLX_SGI_swap_control GLX_EXT_swap_control GLX_EXT_swap_control_tear GLX_EXT_texture_from_pixmap GLX_EXT_buffer_age GLX_ARB_create_context GLX_ARB_create_context_profile GLX_EXT_create_context_es_profile GLX_EXT_create_context_es2_profile GLX_ARB_create_context_no_error GLX_ARB_create_context_robustness GLX_NV_delay_before_swap GLX_EXT_stereo_tree GLX_ARB_context_flush_control GLX_NV_robustness_video_memory_purge GLX_NV_multigpu_context GLX_ARB_multisample GLX_NV_float_buffer GLX_ARB_fbconfig_float GLX_EXT_framebuffer_sRGB GLX_NV_copy_image GLX_ARB_get_proc_address 
Renderer: GeForce RTX 2060/PCIe/SSE2
Vendor:   NVIDIA Corporation
Version:  4.5.0 NVIDIA 460.32.03
GLES:     0
 GL_AMD_multi_draw_indirect GL_AMD_seamless_cubemap_per_texture GL_AMD_vertex_shader_viewport_index GL_AMD_vertex_shader_layer GL_ARB_arrays_of_arrays GL_ARB_base_instance GL_ARB_bindless_texture GL_ARB_blend_func_extended GL_ARB_buffer_storage GL_ARB_clear_buffer_object GL_ARB_clear_texture GL_ARB_clip_control GL_ARB_color_buffer_float GL_ARB_compressed_texture_pixel_storage GL_ARB_conservative_depth GL_ARB_compute_shader GL_ARB_compute_variable_group_size GL_ARB_conditional_render_inverted GL_ARB_copy_buffer GL_ARB_copy_image GL_ARB_cull_distance GL_ARB_debug_output GL_ARB_depth_buffer_float GL_ARB_depth_clamp GL_ARB_depth_texture GL_ARB_derivative_control GL_ARB_direct_state_access GL_ARB_draw_buffers GL_ARB_draw_buffers_blend GL_ARB_draw_indirect GL_ARB_draw_elements_base_vertex GL_ARB_draw_instanced GL_ARB_enhanced_layouts GL_ARB_ES2_compatibility GL_ARB_ES3_compatibility GL_ARB_ES3_1_compatibility GL_ARB_ES3_2_compatibility GL_ARB_explicit_attrib_location GL_ARB_explicit_uniform_location GL_ARB_fragmen
t_coord_conventions GL_ARB_fragment_layer_viewport GL_ARB_fragment_program GL_ARB_fragment_program_shadow GL_ARB_fragment_shader GL_ARB_fragment_shader_interlock GL_ARB_framebuffer_no_attachments GL_ARB_framebuffer_object GL_ARB_framebuffer_sRGB GL_ARB_geometry_shader4 GL_ARB_get_program_binary GL_ARB_get_texture_sub_image GL_ARB_gl_spirv GL_ARB_gpu_shader5 GL_ARB_gpu_shader_fp64 GL_ARB_gpu_shader_int64 GL_ARB_half_float_pixel GL_ARB_half_float_vertex GL_ARB_imaging GL_ARB_indirect_parameters GL_ARB_instanced_arrays GL_ARB_internalformat_query GL_ARB_internalformat_query2 GL_ARB_invalidate_subdata GL_ARB_map_buffer_alignment GL_ARB_map_buffer_range GL_ARB_multi_bind GL_ARB_multi_draw_indirect GL_ARB_multisample GL_ARB_multitexture GL_ARB_occlusion_query GL_ARB_occlusion_query2 GL_ARB_parallel_shader_compile GL_ARB_pipeline_statistics_query GL_ARB_pixel_buffer_object GL_ARB_point_parameters GL_ARB_point_sprite GL_ARB_polygon_offset_clamp GL_ARB_post_depth_coverage GL_ARB_program_interface_query GL_ARB_provoki
ng_vertex GL_ARB_query_buffer_object GL_ARB_robust_buffer_access_behavior GL_ARB_robustness GL_ARB_sample_locations GL_ARB_sample_shading GL_ARB_sampler_objects GL_ARB_seamless_cube_map GL_ARB_seamless_cubemap_per_texture GL_ARB_separate_shader_objects GL_ARB_shader_atomic_counter_ops GL_ARB_shader_atomic_counters GL_ARB_shader_ballot GL_ARB_shader_bit_encoding GL_ARB_shader_clock GL_ARB_shader_draw_parameters GL_ARB_shader_group_vote GL_ARB_shader_image_load_store GL_ARB_shader_image_size GL_ARB_shader_objects GL_ARB_shader_precision GL_ARB_shader_storage_buffer_object GL_ARB_shader_subroutine GL_ARB_shader_texture_image_samples GL_ARB_shader_texture_lod GL_ARB_shading_language_100 GL_ARB_shader_viewport_layer_array GL_ARB_shading_language_420pack GL_ARB_shading_language_include GL_ARB_shading_language_packing GL_ARB_shadow GL_ARB_sparse_buffer GL_ARB_sparse_texture GL_ARB_sparse_texture2 GL_ARB_sparse_texture_clamp GL_ARB_spirv_extensions GL_ARB_stencil_texturing GL_ARB_sync GL_ARB_tessellation_shader GL_A
RB_texture_barrier GL_ARB_texture_border_clamp GL_ARB_texture_buffer_object GL_ARB_texture_buffer_object_rgb32 GL_ARB_texture_buffer_range GL_ARB_texture_compression GL_ARB_texture_compression_bptc GL_ARB_texture_compression_rgtc GL_ARB_texture_cube_map GL_ARB_texture_cube_map_array GL_ARB_texture_env_add GL_ARB_texture_env_combine GL_ARB_texture_env_crossbar GL_ARB_texture_env_dot3 GL_ARB_texture_filter_anisotropic GL_ARB_texture_filter_minmax GL_ARB_texture_float GL_ARB_texture_gather GL_ARB_texture_mirror_clamp_to_edge GL_ARB_texture_mirrored_repeat GL_ARB_texture_multisample GL_ARB_texture_non_power_of_two GL_ARB_texture_query_levels GL_ARB_texture_query_lod GL_ARB_texture_rectangle GL_ARB_texture_rg GL_ARB_texture_rgb10_a2ui GL_ARB_texture_stencil8 GL_ARB_texture_storage GL_ARB_texture_storage_multisample GL_ARB_texture_swizzle GL_ARB_texture_view GL_ARB_timer_query GL_ARB_transform_feedback2 GL_ARB_transform_feedback3 GL_ARB_transform_feedback_instanced GL_ARB_transform_feedback_overflow_query GL_ARB_t
ranspose_matrix GL_ARB_uniform_buffer_object GL_ARB_vertex_array_bgra GL_ARB_vertex_array_object GL_ARB_vertex_attrib_64bit GL_ARB_vertex_attrib_binding GL_ARB_vertex_buffer_object GL_ARB_vertex_program GL_ARB_vertex_shader GL_ARB_vertex_type_10f_11f_11f_rev GL_ARB_vertex_type_2_10_10_10_rev GL_ARB_viewport_array GL_ARB_window_pos GL_ATI_draw_buffers GL_ATI_texture_float GL_ATI_texture_mirror_once GL_S3_s3tc GL_EXT_texture_env_add GL_EXT_abgr GL_EXT_bgra GL_EXT_bindable_uniform GL_EXT_blend_color GL_EXT_blend_equation_separate GL_EXT_blend_func_separate GL_EXT_blend_minmax GL_EXT_blend_subtract GL_EXT_compiled_vertex_array GL_EXT_Cg_shader GL_EXT_depth_bounds_test GL_EXT_direct_state_access GL_EXT_draw_buffers2 GL_EXT_draw_instanced GL_EXT_draw_range_elements GL_EXT_fog_coord GL_EXT_framebuffer_blit GL_EXT_framebuffer_multisample GL_EXTX_framebuffer_mixed_formats GL_EXT_framebuffer_multisample_blit_scaled GL_EXT_framebuffer_object GL_EXT_framebuffer_sRGB GL_EXT_geometry_shader4 GL_EXT_gpu_program_parameters 
GL_EXT_gpu_shader4 GL_EXT_multi_draw_arrays GL_EXT_multiview_texture_multisample GL_EXT_multiview_timer_query GL_EXT_packed_depth_stencil GL_EXT_packed_float GL_EXT_packed_pixels GL_EXT_pixel_buffer_object GL_EXT_point_parameters GL_EXT_polygon_offset_clamp GL_EXT_post_depth_coverage GL_EXT_provoking_vertex GL_EXT_raster_multisample GL_EXT_rescale_normal GL_EXT_secondary_color GL_EXT_separate_shader_objects GL_EXT_separate_specular_color GL_EXT_shader_image_load_formatted GL_EXT_shader_image_load_store GL_EXT_shader_integer_mix GL_EXT_shadow_funcs GL_EXT_sparse_texture2 GL_EXT_stencil_two_side GL_EXT_stencil_wrap GL_EXT_texture3D GL_EXT_texture_array GL_EXT_texture_buffer_object GL_EXT_texture_compression_dxt1 GL_EXT_texture_compression_latc GL_EXT_texture_compression_rgtc GL_EXT_texture_compression_s3tc GL_EXT_texture_cube_map GL_EXT_texture_edge_clamp GL_EXT_texture_env_combine GL_EXT_texture_env_dot3 GL_EXT_texture_filter_anisotropic GL_EXT_texture_filter_minmax GL_EXT_texture_integer GL_EXT_texture_lod G
L_EXT_texture_lod_bias GL_EXT_texture_mirror_clamp GL_EXT_texture_object GL_EXT_texture_shadow_lod GL_EXT_texture_shared_exponent GL_EXT_texture_sRGB GL_EXT_texture_sRGB_R8 GL_EXT_texture_sRGB_decode GL_EXT_texture_storage GL_EXT_texture_swizzle GL_EXT_timer_query GL_EXT_transform_feedback2 GL_EXT_vertex_array GL_EXT_vertex_array_bgra GL_EXT_vertex_attrib_64bit GL_EXT_window_rectangles GL_EXT_x11_sync_object GL_EXT_import_sync_object GL_NV_robustness_video_memory_purge GL_IBM_rasterpos_clip GL_IBM_texture_mirrored_repeat GL_KHR_context_flush_control GL_KHR_debug GL_EXT_memory_object GL_EXT_memory_object_fd GL_NV_memory_object_sparse GL_KHR_parallel_shader_compile GL_KHR_no_error GL_KHR_robust_buffer_access_behavior GL_KHR_robustness GL_EXT_semaphore GL_EXT_semaphore_fd GL_NV_timeline_semaphore GL_KHR_shader_subgroup GL_KTX_buffer_region GL_NV_alpha_to_coverage_dither_control GL_NV_bindless_multi_draw_indirect GL_NV_bindless_multi_draw_indirect_count GL_NV_bindless_texture GL_NV_blend_equation_advanced GL_NV_
blend_equation_advanced_coherent GL_NVX_blend_equation_advanced_multi_draw_buffers GL_NV_blend_minmax_factor GL_NV_blend_square GL_NV_clip_space_w_scaling GL_NV_command_list GL_NV_compute_program5 GL_NV_compute_shader_derivatives GL_NV_conditional_render GL_NV_conservative_raster GL_NV_conservative_raster_dilate GL_NV_conservative_raster_pre_snap GL_NV_conservative_raster_pre_snap_triangles GL_NV_conservative_raster_underestimation GL_NV_copy_depth_to_color GL_NV_copy_image GL_NV_depth_buffer_float GL_NV_depth_clamp GL_NV_draw_texture GL_NV_draw_vulkan_image GL_NV_ES1_1_compatibility GL_NV_ES3_1_compatibility GL_NV_explicit_multisample GL_NV_feature_query GL_NV_fence GL_NV_fill_rectangle GL_NV_float_buffer GL_NV_fog_distance GL_NV_fragment_coverage_to_color GL_NV_fragment_program GL_NV_fragment_program_option GL_NV_fragment_program2 GL_NV_fragment_shader_barycentric GL_NV_fragment_shader_interlock GL_NV_framebuffer_mixed_samples GL_NV_framebuffer_multisample_coverage GL_NV_geometry_shader4 GL_NV_geometry_sha
der_passthrough GL_NV_gpu_program4 GL_NV_internalformat_sample_query GL_NV_gpu_program4_1 GL_NV_gpu_program5 GL_NV_gpu_program5_mem_extended GL_NV_gpu_program_fp64 GL_NV_gpu_shader5 GL_NV_half_float GL_NV_light_max_exponent GL_NV_memory_attachment GL_NV_mesh_shader GL_NV_multisample_coverage GL_NV_multisample_filter_hint GL_NV_occlusion_query GL_NV_packed_depth_stencil GL_NV_parameter_buffer_object GL_NV_parameter_buffer_object2 GL_NV_path_rendering GL_NV_path_rendering_shared_edge GL_NV_pixel_data_range GL_NV_point_sprite GL_NV_primitive_restart GL_NV_query_resource GL_NV_query_resource_tag GL_NV_register_combiners GL_NV_register_combiners2 GL_NV_representative_fragment_test GL_NV_sample_locations GL_NV_sample_mask_override_coverage GL_NV_scissor_exclusive GL_NV_shader_atomic_counters GL_NV_shader_atomic_float GL_NV_shader_atomic_float64 GL_NV_shader_atomic_fp16_vector GL_NV_shader_atomic_int64 GL_NV_shader_buffer_load GL_NV_shader_storage_buffer_object GL_NV_shader_subgroup_partitioned GL_NV_shader_texture
_footprint GL_NV_shading_rate_image GL_NV_stereo_view_rendering GL_NV_texgen_reflection GL_NV_texture_barrier GL_NV_texture_compression_vtc GL_NV_texture_env_combine4 GL_NV_texture_multisample GL_NV_texture_rectangle GL_NV_texture_rectangle_compressed GL_NV_texture_shader GL_NV_texture_shader2 GL_NV_texture_shader3 GL_NV_transform_feedback GL_NV_transform_feedback2 GL_NV_uniform_buffer_unified_memory GL_NV_vdpau_interop GL_NV_vdpau_interop2 GL_NV_vertex_array_range GL_NV_vertex_array_range2 GL_NV_vertex_attrib_integer_64bit GL_NV_vertex_buffer_unified_memory GL_NV_vertex_program GL_NV_vertex_program1_1 GL_NV_vertex_program2 GL_NV_vertex_program2_option GL_NV_vertex_program3 GL_NV_viewport_array2 GL_NV_viewport_swizzle GL_NVX_conditional_render GL_NV_gpu_multicast GL_NVX_progress_fence GL_NVX_gpu_memory_info GL_NVX_nvenc_interop GL_NV_shader_thread_group GL_NV_shader_thread_shuffle GL_KHR_blend_equation_advanced GL_KHR_blend_equation_advanced_coherent GL_OVR_multiview GL_OVR_multiview2 GL_SGIS_generate_mipmap
 GL_SGIS_texture_lod GL_SGIX_depth_texture GL_SGIX_shadow GL_SUN_slice_accum
OPENGL LOG: Creating OpenGL 4.5 graphics device ; Context level  <OpenGL 4.5> ; Context handle -1065358264
Shader 'Universal Render Pipeline/Particles/Lit': fallback shader 'Universal Render Pipeline/Particles/SimpleLit' not found
Initialize mono
Mono path[0] = '/home/matei/Unity/Hub/Editor/2020.2.1f1/Editor/Data/Managed'
Mono path[1] = '/home/matei/Unity/Hub/Editor/2020.2.1f1/Editor/Data/MonoBleedingEdge/lib/mono/unityjit'
Mono config path = '/home/matei/Unity/Hub/Editor/2020.2.1f1/Editor/Data/MonoBleedingEdge/etc'
Using monoOptions --debugger-agent=transport=dt_socket,embedding=1,server=y,suspend=n,address=127.0.0.1:56794
Begin MonoManager ReloadAssembly
Registering precompiled unity dll's ...
Register platform support module: /home/matei/Unity/Hub/Editor/2020.2.1f1/Editor/Data/PlaybackEngines/LinuxStandaloneSupport/UnityEditor.LinuxStandalone.Extensions.dll
Registered in 0,000723 seconds.
Native extension for LinuxStandalone target not found
Refreshing native plugins compatible for Editor in 32,17 ms, found 0 plugins.
Preloading 0 native plugins for Editor in 0,00 ms.
Invoked RoslynAnalysisRunner static constructor.
RoslynAnalysisRunner will not be running.
RoslynAnalysisRunner has terminated.
Mono: successfully reloaded assembly
- Completed reload, in  0,799 seconds
Platform modules already initialized, skipping
Registering precompiled user dll's ...
Registered in 0,000572 seconds.
Begin MonoManager ReloadAssembly
Native extension for LinuxStandalone target not found
Refreshing native plugins compatible for Editor in 32,88 ms, found 0 plugins.
Preloading 0 native plugins for Editor in 0,00 ms.
Invoked RoslynAnalysisRunner static constructor.
RoslynAnalysisRunner will not be running.
RoslynAnalysisRunner has terminated.
Mono: successfully reloaded assembly
- Completed reload, in  0,659 seconds
Platform modules already initialized, skipping
========================================================================
Worker process is ready to serve import requests
Shader 'Universal Render Pipeline/Particles/Lit': fallback shader 'Universal Render Pipeline/Particles/SimpleLit' not found
Launched and connected shader compiler UnityShaderCompiler after 0.01 seconds
Refreshing native plugins compatible for Editor in 0,33 ms, found 0 plugins.
Preloading 0 native plugins for Editor in 0,00 ms.
Unloading 2392 Unused Serialized files (Serialized files now loaded: 0)
System memory in use before: 105,1 MB.
System memory in use after: 105,2 MB.

Unloading 10 unused Assets to reduce memory usage. Loaded Objects now: 2837.
Total: 2,320052 ms (FindLiveObjects: 0,214944 ms CreateObjectMapping: 0,107188 ms MarkObjects: 1,907221 ms  DeleteObjects: 0,089782 ms)

========================================================================
Received Import Request.
  path: Assets/TutorialInfo
  artifactKey: Guid(49110bb8dcada46328ad741970bce702) Importer(815301076,1909f56bfc062723c751e8b465ee728b)
Start importing Assets/TutorialInfo using Guid(49110bb8dcada46328ad741970bce702) Importer(815301076,1909f56bfc062723c751e8b465ee728b)  -> (artifact id: 'd0b395d89b71c00367bb956a179c69ce') in 0,003390 seconds
  Import took 0,006652 seconds .

========================================================================
Received Import Request.
  Time since last request: 0,000212 seconds.
  path: Assets/TPScript.cs
  artifactKey: Guid(46ac974c66191c8eaa37bc428edc1153) Importer(815301076,1909f56bfc062723c751e8b465ee728b)
Start importing Assets/TPScript.cs using Guid(46ac974c66191c8eaa37bc428edc1153) Importer(815301076,1909f56bfc062723c751e8b465ee728b)  -> (artifact id: 'ae2b16acbb911f442dda600b80175483') in 0,000395 seconds
  Import took 0,002485 seconds .

========================================================================
Received Prepare
Registering precompiled user dll's ...
Registered in 0,000777 seconds.
Begin MonoManager ReloadAssembly
Native extension for LinuxStandalone target not found
Refreshing native plugins compatible for Editor in 0,32 ms, found 0 plugins.
Preloading 0 native plugins for Editor in 0,00 ms.
Invoked RoslynAnalysisRunner static constructor.
RoslynAnalysisRunner will not be running.
RoslynAnalysisRunner has terminated.
Mono: successfully reloaded assembly
- Completed reload, in  0,603 seconds
Platform modules already initialized, skipping
Shader 'Universal Render Pipeline/Particles/Lit': fallback shader 'Universal Render Pipeline/Particles/SimpleLit' not found
Refreshing native plugins compatible for Editor in 0,33 ms, found 0 plugins.
Preloading 0 native plugins for Editor in 0,00 ms.
Unloading 2283 Unused Serialized files (Serialized files now loaded: 0)
System memory in use before: 100,2 MB.
System memory in use after: 100,4 MB.

Unloading 5 unused Assets to reduce memory usage. Loaded Objects now: 2839.
Total: 2,177104 ms (FindLiveObjects: 0,192275 ms CreateObjectMapping: 0,076616 ms MarkObjects: 1,887981 ms  DeleteObjects: 0,019339 ms)

========================================================================
Received Prepare
Registering precompiled user dll's ...
Registered in 0,000755 seconds.
Begin MonoManager ReloadAssembly
Native extension for LinuxStandalone target not found
Refreshing native plugins compatible for Editor in 0,36 ms, found 0 plugins.
Preloading 0 native plugins for Editor in 0,00 ms.
Invoked RoslynAnalysisRunner static constructor.
RoslynAnalysisRunner will not be running.
RoslynAnalysisRunner has terminated.
Mono: successfully reloaded assembly
- Completed reload, in  0,622 seconds
Platform modules already initialized, skipping
Shader 'Universal Render Pipeline/Particles/Lit': fallback shader 'Universal Render Pipeline/Particles/SimpleLit' not found
Refreshing native plugins compatible for Editor in 0,34 ms, found 0 plugins.
Preloading 0 native plugins for Editor in 0,00 ms.
Unloading 2283 Unused Serialized files (Serialized files now loaded: 0)
System memory in use before: 100,3 MB.
System memory in use after: 100,5 MB.

Unloading 5 unused Assets to reduce memory usage. Loaded Objects now: 2841.
Total: 2,318963 ms (FindLiveObjects: 0,219505 ms CreateObjectMapping: 0,116035 ms MarkObjects: 1,947300 ms  DeleteObjects: 0,034983 ms)

========================================================================
Received Import Request.
  Time since last request: 630,234162 seconds.
  path: Assets/HealthScript.cs
  artifactKey: Guid(046b21ddae79f9f4c949059476d17110) Importer(815301076,1909f56bfc062723c751e8b465ee728b)
Start importing Assets/HealthScript.cs using Guid(046b21ddae79f9f4c949059476d17110) Importer(815301076,1909f56bfc062723c751e8b465ee728b)  -> (artifact id: '8a63255af69a9ccd5963b6a5cd4acc84') in 0,003451 seconds
  Import took 0,007167 seconds .

========================================================================
Received Import Request.
  Time since last request: 0,005376 seconds.
  path: Assets/HealthScript.cs
  artifactKey: Guid(046b21ddae79f9f4c949059476d17110) Importer(815301076,1909f56bfc062723c751e8b465ee728b)
Start importing Assets/HealthScript.cs using Guid(046b21ddae79f9f4c949059476d17110) Importer(815301076,1909f56bfc062723c751e8b465ee728b)  -> (artifact id: '8a63255af69a9ccd5963b6a5cd4acc84') in 0,000455 seconds
  Import took 0,003199 seconds .

========================================================================
Received Prepare
Registering precompiled user dll's ...
Registered in 0,000662 seconds.
Begin MonoManager ReloadAssembly
Native extension for LinuxStandalone target not found
Refreshing native plugins compatible for Editor in 0,34 ms, found 0 plugins.
Preloading 0 native plugins for Editor in 0,00 ms.
Invoked RoslynAnalysisRunner static constructor.
RoslynAnalysisRunner will not be running.
RoslynAnalysisRunner has terminated.
Mono: successfully reloaded assembly
- Completed reload, in  0,596 seconds
Platform modules already initialized, skipping
Shader 'Universal Render Pipeline/Particles/Lit': fallback shader 'Universal Render Pipeline/Particles/SimpleLit' not found
Refreshing native plugins compatible for Editor in 0,33 ms, found 0 plugins.
Preloading 0 native plugins for Editor in 0,00 ms.
Unloading 2283 Unused Serialized files (Serialized files now loaded: 0)
System memory in use before: 100,3 MB.
System memory in use after: 100,5 MB.

Unloading 5 unused Assets to reduce memory usage. Loaded Objects now: 2843.
Total: 2,281463 ms (FindLiveObjects: 0,356838 ms CreateObjectMapping: 0,099207 ms MarkObjects: 1,802102 ms  DeleteObjects: 0,022324 ms)

========================================================================
Received Prepare
Registering precompiled user dll's ...
Registered in 0,000665 seconds.
Begin MonoManager ReloadAssembly
Native extension for LinuxStandalone target not found
Refreshing native plugins compatible for Editor in 0,32 ms, found 0 plugins.
Preloading 0 native plugins for Editor in 0,00 ms.
Invoked RoslynAnalysisRunner static constructor.
RoslynAnalysisRunner will not be running.
RoslynAnalysisRunner has terminated.
Mono: successfully reloaded assembly
- Completed reload, in  0,603 seconds
Platform modules already initialized, skipping
Shader 'Universal Render Pipeline/Particles/Lit': fallback shader 'Universal Render Pipeline/Particles/SimpleLit' not found
Refreshing native plugins compatible for Editor in 0,35 ms, found 0 plugins.
Preloading 0 native plugins for Editor in 0,00 ms.
Unloading 2283 Unused Serialized files (Serialized files now loaded: 0)
System memory in use before: 100,3 MB.
System memory in use after: 100,5 MB.

Unloading 5 unused Assets to reduce memory usage. Loaded Objects now: 2845.
Total: 2,198159 ms (FindLiveObjects: 0,223491 ms CreateObjectMapping: 0,098855 ms MarkObjects: 1,850723 ms  DeleteObjects: 0,023637 ms)

========================================================================
Received Prepare
Registering precompiled user dll's ...
Registered in 0,000656 seconds.
Begin MonoManager ReloadAssembly
Native extension for LinuxStandalone target not found
Refreshing native plugins compatible for Editor in 0,35 ms, found 0 plugins.
Preloading 0 native plugins for Editor in 0,00 ms.
Invoked RoslynAnalysisRunner static constructor.
RoslynAnalysisRunner will not be running.
RoslynAnalysisRunner has terminated.
Mono: successfully reloaded assembly
- Completed reload, in  0,612 seconds
Platform modules already initialized, skipping
Shader 'Universal Render Pipeline/Particles/Lit': fallback shader 'Universal Render Pipeline/Particles/SimpleLit' not found
Refreshing native plugins compatible for Editor in 0,34 ms, found 0 plugins.
Preloading 0 native plugins for Editor in 0,00 ms.
Unloading 2283 Unused Serialized files (Serialized files now loaded: 0)
System memory in use before: 100,2 MB.
System memory in use after: 100,4 MB.

Unloading 5 unused Assets to reduce memory usage. Loaded Objects now: 2847.
Total: 2,445629 ms (FindLiveObjects: 0,237739 ms CreateObjectMapping: 0,101554 ms MarkObjects: 2,077982 ms  DeleteObjects: 0,027103 ms)

========================================================================
Received Prepare
Registering precompiled user dll's ...
Registered in 0,000699 seconds.
Begin MonoManager ReloadAssembly
Native extension for LinuxStandalone target not found
Refreshing native plugins compatible for Editor in 0,34 ms, found 0 plugins.
Preloading 0 native plugins for Editor in 0,00 ms.
Invoked RoslynAnalysisRunner static constructor.
RoslynAnalysisRunner will not be running.
RoslynAnalysisRunner has terminated.
Mono: successfully reloaded assembly
- Completed reload, in  0,617 seconds
Platform modules already initialized, skipping
Shader 'Universal Render Pipeline/Particles/Lit': fallback shader 'Universal Render Pipeline/Particles/SimpleLit' not found
Refreshing native plugins compatible for Editor in 0,36 ms, found 0 plugins.
Preloading 0 native plugins for Editor in 0,00 ms.
Unloading 2283 Unused Serialized files (Serialized files now loaded: 0)
System memory in use before: 100,3 MB.
System memory in use after: 100,5 MB.

Unloading 5 unused Assets to reduce memory usage. Loaded Objects now: 2849.
Total: 2,201243 ms (FindLiveObjects: 0,234907 ms CreateObjectMapping: 0,093686 ms MarkObjects: 1,848161 ms  DeleteObjects: 0,023503 ms)

========================================================================
Received Prepare
Registering precompiled user dll's ...
Registered in 0,000647 seconds.
Begin MonoManager ReloadAssembly
Native extension for LinuxStandalone target not found
Refreshing native plugins compatible for Editor in 0,33 ms, found 0 plugins.
Preloading 0 native plugins for Editor in 0,00 ms.
Invoked RoslynAnalysisRunner static constructor.
RoslynAnalysisRunner will not be running.
RoslynAnalysisRunner has terminated.
Mono: successfully reloaded assembly
- Completed reload, in  0,596 seconds
Platform modules already initialized, skipping
Shader 'Universal Render Pipeline/Particles/Lit': fallback shader 'Universal Render Pipeline/Particles/SimpleLit' not found
Refreshing native plugins compatible for Editor in 0,34 ms, found 0 plugins.
Preloading 0 native plugins for Editor in 0,00 ms.
Unloading 2283 Unused Serialized files (Serialized files now loaded: 0)
System memory in use before: 100,3 MB.
System memory in use after: 100,5 MB.

Unloading 5 unused Assets to reduce memory usage. Loaded Objects now: 2851.
Total: 2,143943 ms (FindLiveObjects: 0,209272 ms CreateObjectMapping: 0,093272 ms MarkObjects: 1,818285 ms  DeleteObjects: 0,022244 ms)

========================================================================
Received Prepare
Registering precompiled user dll's ...
Registered in 0,000655 seconds.
Begin MonoManager ReloadAssembly
Native extension for LinuxStandalone target not found
Refreshing native plugins compatible for Editor in 0,34 ms, found 0 plugins.
Preloading 0 native plugins for Editor in 0,00 ms.
Invoked RoslynAnalysisRunner static constructor.
RoslynAnalysisRunner will not be running.
RoslynAnalysisRunner has terminated.
Mono: successfully reloaded assembly
- Completed reload, in  0,612 seconds
Platform modules already initialized, skipping
Shader 'Universal Render Pipeline/Particles/Lit': fallback shader 'Universal Render Pipeline/Particles/SimpleLit' not found
Refreshing native plugins compatible for Editor in 0,32 ms, found 0 plugins.
Preloading 0 native plugins for Editor in 0,00 ms.
Unloading 2283 Unused Serialized files (Serialized files now loaded: 0)
System memory in use before: 100,3 MB.
System memory in use after: 100,5 MB.

Unloading 5 unused Assets to reduce memory usage. Loaded Objects now: 2853.
Total: 2,133097 ms (FindLiveObjects: 0,221539 ms CreateObjectMapping: 0,097047 ms MarkObjects: 1,788166 ms  DeleteObjects: 0,025264 ms)

========================================================================
Received Import Request.
  Time since last request: 879,938623 seconds.
  path: Assets/Assets/Map/Materials/BarMaterial.mat
  artifactKey: Guid(f41826478b005a945a04620176c7cf45) Importer(815301076,1909f56bfc062723c751e8b465ee728b)
Start importing Assets/Assets/Map/Materials/BarMaterial.mat using Guid(f41826478b005a945a04620176c7cf45) Importer(815301076,1909f56bfc062723c751e8b465ee728b)  -> (artifact id: '05c0db829ef2eed53ac8fa66cd8d1a74') in 0,158839 seconds
  Import took 0,162219 seconds .

========================================================================
Received Import Request.
  Time since last request: 0,000192 seconds.
  path: Assets/Materials/FloorMaterial.mat
  artifactKey: Guid(e64d4077a144ee542b003b54813a6b89) Importer(815301076,1909f56bfc062723c751e8b465ee728b)
Start importing Assets/Materials/FloorMaterial.mat using Guid(e64d4077a144ee542b003b54813a6b89) Importer(815301076,1909f56bfc062723c751e8b465ee728b)  -> (artifact id: 'f1b1552e0bc0184b62df9e153944144a') in 0,008486 seconds
  Import took 0,011413 seconds .

========================================================================
Received Import Request.
  Time since last request: 0,000103 seconds.
  path: Assets/Materials/EdgePlatformMaterial.mat
  artifactKey: Guid(55d5304bc61c7a643a43cb4cf70d0ff3) Importer(815301076,1909f56bfc062723c751e8b465ee728b)
Start importing Assets/Materials/EdgePlatformMaterial.mat using Guid(55d5304bc61c7a643a43cb4cf70d0ff3) Importer(815301076,1909f56bfc062723c751e8b465ee728b)  -> (artifact id: '06774fc30f9047af7524a72aaf58a9b1') in 0,004279 seconds
  Import took 0,007234 seconds .

========================================================================
Received Import Request.
  Time since last request: 0,000130 seconds.
  path: Assets/Materials/GroundGrass/GroundGrassMat.mat
  artifactKey: Guid(b2dde773607d77d44bb059f53143fcdf) Importer(815301076,1909f56bfc062723c751e8b465ee728b)
Start importing Assets/Materials/GroundGrass/GroundGrassMat.mat using Guid(b2dde773607d77d44bb059f53143fcdf) Importer(815301076,1909f56bfc062723c751e8b465ee728b)  -> (artifact id: '27113af678f92ad4b95e1a33aaf76e43') in 0,250424 seconds
  Import took 0,253057 seconds .

========================================================================
Received Import Request.
  Time since last request: 0,000105 seconds.
  path: Assets/Assets/Map/Materials/EdgeMaterial.mat
  artifactKey: Guid(6260af87f97909b4281fbfb7d6d9884f) Importer(815301076,1909f56bfc062723c751e8b465ee728b)
Start importing Assets/Assets/Map/Materials/EdgeMaterial.mat using Guid(6260af87f97909b4281fbfb7d6d9884f) Importer(815301076,1909f56bfc062723c751e8b465ee728b)  -> (artifact id: '50e062821c253cb21463f0c96959ef45') in 0,004839 seconds
  Import took 0,007782 seconds .

========================================================================
Received Import Request.
  Time since last request: 0,000128 seconds.
  path: Assets/Materials/particleTexture.mat
  artifactKey: Guid(2c37ff1ba632d51438f234279013444b) Importer(815301076,1909f56bfc062723c751e8b465ee728b)
Start importing Assets/Materials/particleTexture.mat using Guid(2c37ff1ba632d51438f234279013444b) Importer(815301076,1909f56bfc062723c751e8b465ee728b)  -> (artifact id: 'beb9639c72c7af58827d618423838825') in 0,004474 seconds
  Import took 0,007456 seconds .

========================================================================
Received Import Request.
  Time since last request: 0,000211 seconds.
  path: Assets/Assets/Map/Materials/FloorMaterial.mat
  artifactKey: Guid(57dca941e96b86048b15765402f24442) Importer(815301076,1909f56bfc062723c751e8b465ee728b)
Start importing Assets/Assets/Map/Materials/FloorMaterial.mat using Guid(57dca941e96b86048b15765402f24442) Importer(815301076,1909f56bfc062723c751e8b465ee728b)  -> (artifact id: 'e4e5203e6455bd6489dda3755358e892') in 0,004077 seconds
  Import took 0,006995 seconds .

========================================================================
Received Import Request.
  Time since last request: 0,000134 seconds.
  path: Assets/Materials/metal.mat
  artifactKey: Guid(8e1858e5927ea394dabc85ef12375e59) Importer(815301076,1909f56bfc062723c751e8b465ee728b)
Start importing Assets/Materials/metal.mat using Guid(8e1858e5927ea394dabc85ef12375e59) Importer(815301076,1909f56bfc062723c751e8b465ee728b)  -> (artifact id: '14e7d0575ca3be1d606b03b41667c38c') in 0,006670 seconds
  Import took 0,009659 seconds .

========================================================================
Received Import Request.
  Time since last request: 0,000145 seconds.
  path: Assets/Assets/Map/Materials/BarMaterial.mat
  artifactKey: Guid(f41826478b005a945a04620176c7cf45) Importer(815301076,1909f56bfc062723c751e8b465ee728b)
Start importing Assets/Assets/Map/Materials/BarMaterial.mat using Guid(f41826478b005a945a04620176c7cf45) Importer(815301076,1909f56bfc062723c751e8b465ee728b)  -> (artifact id: '05c0db829ef2eed53ac8fa66cd8d1a74') in 0,004656 seconds
  Import took 0,007675 seconds .

========================================================================
Received Import Request.
  Time since last request: 4,324696 seconds.
  path: Assets/Assets/Map/Materials/PlateMaterial.mat
  artifactKey: Guid(87cdd1ff50822294f9bc81d7e813c55e) Importer(815301076,1909f56bfc062723c751e8b465ee728b)
Start importing Assets/Assets/Map/Materials/PlateMaterial.mat using Guid(87cdd1ff50822294f9bc81d7e813c55e) Importer(815301076,1909f56bfc062723c751e8b465ee728b)  -> (artifact id: '088ecd97d2f12a874d923564cfc517db') in 0,006082 seconds
  Import took 0,010145 seconds .

========================================================================
Received Import Request.
  Time since last request: 9,259573 seconds.
  path: Assets/Materials/RailingPlateMaterial.mat
  artifactKey: Guid(dcb894261b9a4cb44aaf3edeb782b476) Importer(815301076,1909f56bfc062723c751e8b465ee728b)
Start importing Assets/Materials/RailingPlateMaterial.mat using Guid(dcb894261b9a4cb44aaf3edeb782b476) Importer(815301076,1909f56bfc062723c751e8b465ee728b)  -> (artifact id: '844c54781df7ef2c9e8bbc9b08ada717') in 0,005058 seconds
  Import took 0,009157 seconds .

========================================================================
Received Import Request.
  Time since last request: 0,000214 seconds.
  path: Assets/Materials/SandBag/SandBagMat.mat
  artifactKey: Guid(310b04f5484196c47972b96b0c226478) Importer(815301076,1909f56bfc062723c751e8b465ee728b)
Start importing Assets/Materials/SandBag/SandBagMat.mat using Guid(310b04f5484196c47972b96b0c226478) Importer(815301076,1909f56bfc062723c751e8b465ee728b)  -> (artifact id: '26a33e4f01c721303e6cfad1a3b91ea4') in 0,013737 seconds
  Import took 0,017415 seconds .

========================================================================
Received Import Request.
  Time since last request: 0,287959 seconds.
  path: Assets/Materials/Skybox_Mat.mat
  artifactKey: Guid(0ffaa0b7117ba8c47a9d05ae701d4b4d) Importer(815301076,1909f56bfc062723c751e8b465ee728b)
Start importing Assets/Materials/Skybox_Mat.mat using Guid(0ffaa0b7117ba8c47a9d05ae701d4b4d) Importer(815301076,1909f56bfc062723c751e8b465ee728b)  -> (artifact id: '139951e45b4da5a3eccd16abaf291203') in 0,010617 seconds
  Import took 0,017114 seconds .

========================================================================
Received Import Request.
  Time since last request: 0,000188 seconds.
  path: Assets/Assets/SlashSprites/Materials/Slash1.mat
  artifactKey: Guid(6ab06b031a944d74eacc60b03668bbb3) Importer(815301076,1909f56bfc062723c751e8b465ee728b)
Start importing Assets/Assets/SlashSprites/Materials/Slash1.mat using Guid(6ab06b031a944d74eacc60b03668bbb3) Importer(815301076,1909f56bfc062723c751e8b465ee728b)  -> (artifact id: '92d72f7d60f69f14c3bc00629dd22141') in 0,005871 seconds
  Import took 0,009946 seconds .

========================================================================
Received Import Request.
  Time since last request: 0,400918 seconds.
  path: Assets/Assets/Materials/testshader.mat
  artifactKey: Guid(26f002199ee7b6648983354a01661644) Importer(815301076,1909f56bfc062723c751e8b465ee728b)
Start importing Assets/Assets/Materials/testshader.mat using Guid(26f002199ee7b6648983354a01661644) Importer(815301076,1909f56bfc062723c751e8b465ee728b)  -> (artifact id: 'd8ffce9c92c13ba39f4e7e8f72d18e51') in 0,009901 seconds
  Import took 0,015427 seconds .

========================================================================
Received Import Request.
  Time since last request: 0,046464 seconds.
  path: Assets/Assets/Map/Materials/WallMaterial.mat
  artifactKey: Guid(9394db88362d6494aa3a8ca111736b1a) Importer(815301076,1909f56bfc062723c751e8b465ee728b)
Start importing Assets/Assets/Map/Materials/WallMaterial.mat using Guid(9394db88362d6494aa3a8ca111736b1a) Importer(815301076,1909f56bfc062723c751e8b465ee728b)  -> (artifact id: 'c5597099e9546e41ad90092a87252994') in 0,004418 seconds
  Import took 0,007449 seconds .

========================================================================
Received Import Request.
  Time since last request: 0,009035 seconds.
  path: Assets/Assets/Map/Materials/WallMaterial.mat
  artifactKey: Guid(9394db88362d6494aa3a8ca111736b1a) Importer(815301076,1909f56bfc062723c751e8b465ee728b)
Start importing Assets/Assets/Map/Materials/WallMaterial.mat using Guid(9394db88362d6494aa3a8ca111736b1a) Importer(815301076,1909f56bfc062723c751e8b465ee728b)  -> (artifact id: 'c5597099e9546e41ad90092a87252994') in 0,003832 seconds
  Import took 0,006960 seconds .

========================================================================
Received Prepare
Registering precompiled user dll's ...
Registered in 0,000613 seconds.
Begin MonoManager ReloadAssembly
Native extension for LinuxStandalone target not found
Refreshing native plugins compatible for Editor in 0,33 ms, found 0 plugins.
Preloading 0 native plugins for Editor in 0,00 ms.
Invoked RoslynAnalysisRunner static constructor.
RoslynAnalysisRunner will not be running.
RoslynAnalysisRunner has terminated.
Mono: successfully reloaded assembly
- Completed reload, in  0,633 seconds
Platform modules already initialized, skipping
Shader 'Universal Render Pipeline/Particles/Lit': fallback shader 'Universal Render Pipeline/Particles/SimpleLit' not found
Refreshing native plugins compatible for Editor in 0,33 ms, found 0 plugins.
Preloading 0 native plugins for Editor in 0,00 ms.
Unloading 2283 Unused Serialized files (Serialized files now loaded: 0)
System memory in use before: 104,1 MB.
System memory in use after: 104,3 MB.

Unloading 5 unused Assets to reduce memory usage. Loaded Objects now: 2933.
Total: 2,132786 ms (FindLiveObjects: 0,205328 ms CreateObjectMapping: 0,079276 ms MarkObjects: 1,826304 ms  DeleteObjects: 0,020779 ms)

========================================================================
Received Import Request.
  Time since last request: 468,349406 seconds.
  path: Assets/Scripts/BasicAIScript.cs
  artifactKey: Guid(71214d1d939be5b4280d98a802f2b6b0) Importer(815301076,1909f56bfc062723c751e8b465ee728b)
Start importing Assets/Scripts/BasicAIScript.cs using Guid(71214d1d939be5b4280d98a802f2b6b0) Importer(815301076,1909f56bfc062723c751e8b465ee728b)  -> (artifact id: '86a2cd5102e30082110ad7518d5da58b') in 0,002867 seconds
  Import took 0,005816 seconds .

========================================================================
Received Import Request.
  Time since last request: 0,003240 seconds.
  path: Assets/Scripts/BasicAIScript.cs
  artifactKey: Guid(71214d1d939be5b4280d98a802f2b6b0) Importer(815301076,1909f56bfc062723c751e8b465ee728b)
Start importing Assets/Scripts/BasicAIScript.cs using Guid(71214d1d939be5b4280d98a802f2b6b0) Importer(815301076,1909f56bfc062723c751e8b465ee728b)  -> (artifact id: '86a2cd5102e30082110ad7518d5da58b') in 0,000379 seconds
  Import took 0,002755 seconds .

========================================================================
Received Prepare
Registering precompiled user dll's ...
Registered in 0,000616 seconds.
Begin MonoManager ReloadAssembly
Native extension for LinuxStandalone target not found
Refreshing native plugins compatible for Editor in 0,35 ms, found 0 plugins.
Preloading 0 native plugins for Editor in 0,00 ms.
Invoked RoslynAnalysisRunner static constructor.
RoslynAnalysisRunner will not be running.
RoslynAnalysisRunner has terminated.
Mono: successfully reloaded assembly
- Completed reload, in  0,625 seconds
Platform modules already initialized, skipping
Shader 'Universal Render Pipeline/Particles/Lit': fallback shader 'Universal Render Pipeline/Particles/SimpleLit' not found
Refreshing native plugins compatible for Editor in 0,33 ms, found 0 plugins.
Preloading 0 native plugins for Editor in 0,00 ms.
Unloading 2283 Unused Serialized files (Serialized files now loaded: 0)
System memory in use before: 104,0 MB.
System memory in use after: 104,2 MB.

Unloading 5 unused Assets to reduce memory usage. Loaded Objects now: 2935.
Total: 2,177098 ms (FindLiveObjects: 0,234652 ms CreateObjectMapping: 0,097101 ms MarkObjects: 1,820185 ms  DeleteObjects: 0,023742 ms)

========================================================================
Received Import Request.
  Time since last request: 117,996833 seconds.
  path: Assets/TPScript.cs
  artifactKey: Guid(46ac974c66191c8eaa37bc428edc1153) Importer(815301076,1909f56bfc062723c751e8b465ee728b)
Start importing Assets/TPScript.cs using Guid(46ac974c66191c8eaa37bc428edc1153) Importer(815301076,1909f56bfc062723c751e8b465ee728b)  -> (artifact id: 'dce34d1e5c13fec6c79a81339b62a599') in 0,002914 seconds
  Import took 0,006001 seconds .

========================================================================
Received Prepare
Registering precompiled user dll's ...
Registered in 0,000636 seconds.
Begin MonoManager ReloadAssembly
Native extension for LinuxStandalone target not found
Refreshing native plugins compatible for Editor in 0,35 ms, found 0 plugins.
Preloading 0 native plugins for Editor in 0,00 ms.
Invoked RoslynAnalysisRunner static constructor.
RoslynAnalysisRunner will not be running.
RoslynAnalysisRunner has terminated.
Mono: successfully reloaded assembly
- Completed reload, in  0,643 seconds
Platform modules already initialized, skipping
Shader 'Universal Render Pipeline/Particles/Lit': fallback shader 'Universal Render Pipeline/Particles/SimpleLit' not found
Refreshing native plugins compatible for Editor in 0,32 ms, found 0 plugins.
Preloading 0 native plugins for Editor in 0,00 ms.
Unloading 2283 Unused Serialized files (Serialized files now loaded: 0)
System memory in use before: 104,1 MB.
System memory in use after: 104,3 MB.

Unloading 5 unused Assets to reduce memory usage. Loaded Objects now: 2937.
Total: 2,350417 ms (FindLiveObjects: 0,253312 ms CreateObjectMapping: 0,107325 ms MarkObjects: 1,963304 ms  DeleteObjects: 0,025480 ms)

========================================================================
Received Prepare
Registering precompiled user dll's ...
Registered in 0,000660 seconds.
Begin MonoManager ReloadAssembly
Native extension for LinuxStandalone target not found
Refreshing native plugins compatible for Editor in 0,34 ms, found 0 plugins.
Preloading 0 native plugins for Editor in 0,00 ms.
Invoked RoslynAnalysisRunner static constructor.
RoslynAnalysisRunner will not be running.
RoslynAnalysisRunner has terminated.
Mono: successfully reloaded assembly
- Completed reload, in  0,641 seconds
Platform modules already initialized, skipping
Shader 'Universal Render Pipeline/Particles/Lit': fallback shader 'Universal Render Pipeline/Particles/SimpleLit' not found
Refreshing native plugins compatible for Editor in 0,33 ms, found 0 plugins.
Preloading 0 native plugins for Editor in 0,00 ms.
Unloading 2283 Unused Serialized files (Serialized files now loaded: 0)
System memory in use before: 104,1 MB.
System memory in use after: 104,3 MB.

Unloading 5 unused Assets to reduce memory usage. Loaded Objects now: 2939.
Total: 2,467120 ms (FindLiveObjects: 0,349706 ms CreateObjectMapping: 0,165694 ms MarkObjects: 1,923294 ms  DeleteObjects: 0,027126 ms)

========================================================================
Received Import Request.
  Time since last request: 650,298643 seconds.
  path: ProjectSettings/TagManager.asset
  artifactKey: Guid(00000000000000003000000000000000) Importer(815301076,1909f56bfc062723c751e8b465ee728b)
Start importing ProjectSettings/TagManager.asset using Guid(00000000000000003000000000000000) Importer(815301076,1909f56bfc062723c751e8b465ee728b)  -> (artifact id: '158b0e35e822c103a6d1a981292a19c6') in 0,008086 seconds
  Import took 0,011085 seconds .

========================================================================
Received Import Request.
  Time since last request: 0,007018 seconds.
  path: ProjectSettings/TagManager.asset
  artifactKey: Guid(00000000000000003000000000000000) Importer(815301076,1909f56bfc062723c751e8b465ee728b)
Start importing ProjectSettings/TagManager.asset using Guid(00000000000000003000000000000000) Importer(815301076,1909f56bfc062723c751e8b465ee728b)  -> (artifact id: '158b0e35e822c103a6d1a981292a19c6') in 0,000691 seconds
  Import took 0,003549 seconds .

========================================================================
Received Import Request.
  Time since last request: 10,239998 seconds.
  path: Assets/Assets/Enemy.prefab
  artifactKey: Guid(8befac3bb4d2ec04db2ebf27783202f7) Importer(815301076,1909f56bfc062723c751e8b465ee728b)
Start importing Assets/Assets/Enemy.prefab using Guid(8befac3bb4d2ec04db2ebf27783202f7) Importer(815301076,1909f56bfc062723c751e8b465ee728b)  -> (artifact id: '51bf8738e95372f2395fbc1c5d4d8c9a') in 0,119526 seconds
  Import took 0,122959 seconds .

========================================================================
Received Prepare
Registering precompiled user dll's ...
Registered in 0,000714 seconds.
Begin MonoManager ReloadAssembly
Native extension for LinuxStandalone target not found
Refreshing native plugins compatible for Editor in 0,34 ms, found 0 plugins.
Preloading 0 native plugins for Editor in 0,00 ms.
Invoked RoslynAnalysisRunner static constructor.
RoslynAnalysisRunner will not be running.
RoslynAnalysisRunner has terminated.
Mono: successfully reloaded assembly
- Completed reload, in  0,645 seconds
Platform modules already initialized, skipping
Shader 'Universal Render Pipeline/Particles/Lit': fallback shader 'Universal Render Pipeline/Particles/SimpleLit' not found
Refreshing native plugins compatible for Editor in 0,33 ms, found 0 plugins.
Preloading 0 native plugins for Editor in 0,00 ms.
Unloading 2283 Unused Serialized files (Serialized files now loaded: 0)
System memory in use before: 104,3 MB.
System memory in use after: 104,5 MB.

Unloading 7 unused Assets to reduce memory usage. Loaded Objects now: 2978.
Total: 2,236271 ms (FindLiveObjects: 0,232472 ms CreateObjectMapping: 0,097156 ms MarkObjects: 1,867962 ms  DeleteObjects: 0,037558 ms)

========================================================================
Received Prepare
Registering precompiled user dll's ...
Registered in 0,000656 seconds.
Begin MonoManager ReloadAssembly
Native extension for LinuxStandalone target not found
Refreshing native plugins compatible for Editor in 0,33 ms, found 0 plugins.
Preloading 0 native plugins for Editor in 0,00 ms.
Invoked RoslynAnalysisRunner static constructor.
RoslynAnalysisRunner will not be running.
RoslynAnalysisRunner has terminated.
Mono: successfully reloaded assembly
- Completed reload, in  0,631 seconds
Platform modules already initialized, skipping
Shader 'Universal Render Pipeline/Particles/Lit': fallback shader 'Universal Render Pipeline/Particles/SimpleLit' not found
Refreshing native plugins compatible for Editor in 0,37 ms, found 0 plugins.
Preloading 0 native plugins for Editor in 0,00 ms.
Unloading 2283 Unused Serialized files (Serialized files now loaded: 0)
System memory in use before: 104,3 MB.
System memory in use after: 104,5 MB.

Unloading 5 unused Assets to reduce memory usage. Loaded Objects now: 2980.
Total: 2,562852 ms (FindLiveObjects: 0,284635 ms CreateObjectMapping: 0,104847 ms MarkObjects: 2,140456 ms  DeleteObjects: 0,031550 ms)

========================================================================
Received Prepare
Registering precompiled user dll's ...
Registered in 0,000606 seconds.
Begin MonoManager ReloadAssembly
Native extension for LinuxStandalone target not found
Refreshing native plugins compatible for Editor in 0,36 ms, found 0 plugins.
Preloading 0 native plugins for Editor in 0,00 ms.
Invoked RoslynAnalysisRunner static constructor.
RoslynAnalysisRunner will not be running.
RoslynAnalysisRunner has terminated.
Mono: successfully reloaded assembly
- Completed reload, in  0,629 seconds
Platform modules already initialized, skipping
Shader 'Universal Render Pipeline/Particles/Lit': fallback shader 'Universal Render Pipeline/Particles/SimpleLit' not found
Refreshing native plugins compatible for Editor in 0,33 ms, found 0 plugins.
Preloading 0 native plugins for Editor in 0,00 ms.
Unloading 2283 Unused Serialized files (Serialized files now loaded: 0)
System memory in use before: 104,2 MB.
System memory in use after: 104,4 MB.

Unloading 5 unused Assets to reduce memory usage. Loaded Objects now: 2982.
Total: 2,245935 ms (FindLiveObjects: 0,254358 ms CreateObjectMapping: 0,092735 ms MarkObjects: 1,873732 ms  DeleteObjects: 0,024200 ms)

========================================================================
Received Prepare
Registering precompiled user dll's ...
Registered in 0,000702 seconds.
Begin MonoManager ReloadAssembly
Native extension for LinuxStandalone target not found
Refreshing native plugins compatible for Editor in 0,34 ms, found 0 plugins.
Preloading 0 native plugins for Editor in 0,00 ms.
Invoked RoslynAnalysisRunner static constructor.
RoslynAnalysisRunner will not be running.
RoslynAnalysisRunner has terminated.
Mono: successfully reloaded assembly
- Completed reload, in  0,640 seconds
Platform modules already initialized, skipping
Shader 'Universal Render Pipeline/Particles/Lit': fallback shader 'Universal Render Pipeline/Particles/SimpleLit' not found
Refreshing native plugins compatible for Editor in 0,33 ms, found 0 plugins.
Preloading 0 native plugins for Editor in 0,00 ms.
Unloading 2283 Unused Serialized files (Serialized files now loaded: 0)
System memory in use before: 104,3 MB.
System memory in use after: 104,5 MB.

Unloading 5 unused Assets to reduce memory usage. Loaded Objects now: 2984.
Total: 8,436739 ms (FindLiveObjects: 0,237035 ms CreateObjectMapping: 0,095722 ms MarkObjects: 8,077946 ms  DeleteObjects: 0,024954 ms)

========================================================================
Received Import Request.
  Time since last request: 1318,051594 seconds.
  path: Assets/TPScript.cs
  artifactKey: Guid(46ac974c66191c8eaa37bc428edc1153) Importer(815301076,1909f56bfc062723c751e8b465ee728b)
Start importing Assets/TPScript.cs using Guid(46ac974c66191c8eaa37bc428edc1153) Importer(815301076,1909f56bfc062723c751e8b465ee728b)  -> (artifact id: 'bb639320e06c35582c43c610b875e6a3') in 0,003086 seconds
  Import took 0,006839 seconds .

========================================================================
Received Import Request.
  Time since last request: 0,006356 seconds.
  path: Assets/TPScript.cs
  artifactKey: Guid(46ac974c66191c8eaa37bc428edc1153) Importer(815301076,1909f56bfc062723c751e8b465ee728b)
Start importing Assets/TPScript.cs using Guid(46ac974c66191c8eaa37bc428edc1153) Importer(815301076,1909f56bfc062723c751e8b465ee728b)  -> (artifact id: 'bb639320e06c35582c43c610b875e6a3') in 0,000555 seconds
  Import took 0,004128 seconds .

========================================================================
Received Prepare
Registering precompiled user dll's ...
Registered in 0,000737 seconds.
Begin MonoManager ReloadAssembly
Native extension for LinuxStandalone target not found
Refreshing native plugins compatible for Editor in 0,33 ms, found 0 plugins.
Preloading 0 native plugins for Editor in 0,00 ms.
Invoked RoslynAnalysisRunner static constructor.
RoslynAnalysisRunner will not be running.
RoslynAnalysisRunner has terminated.
Mono: successfully reloaded assembly
- Completed reload, in  0,653 seconds
Platform modules already initialized, skipping
Shader 'Universal Render Pipeline/Particles/Lit': fallback shader 'Universal Render Pipeline/Particles/SimpleLit' not found
Refreshing native plugins compatible for Editor in 0,33 ms, found 0 plugins.
Preloading 0 native plugins for Editor in 0,00 ms.
Unloading 2283 Unused Serialized files (Serialized files now loaded: 0)
System memory in use before: 104,3 MB.
System memory in use after: 104,5 MB.

Unloading 5 unused Assets to reduce memory usage. Loaded Objects now: 2986.
Total: 2,392180 ms (FindLiveObjects: 0,226591 ms CreateObjectMapping: 0,132438 ms MarkObjects: 2,010108 ms  DeleteObjects: 0,022089 ms)

========================================================================
Received Prepare
Registering precompiled user dll's ...
Registered in 0,000675 seconds.
Begin MonoManager ReloadAssembly
Native extension for LinuxStandalone target not found
Refreshing native plugins compatible for Editor in 0,34 ms, found 0 plugins.
Preloading 0 native plugins for Editor in 0,00 ms.
Invoked RoslynAnalysisRunner static constructor.
RoslynAnalysisRunner will not be running.
RoslynAnalysisRunner has terminated.
Mono: successfully reloaded assembly
- Completed reload, in  0,629 seconds
Platform modules already initialized, skipping
Shader 'Universal Render Pipeline/Particles/Lit': fallback shader 'Universal Render Pipeline/Particles/SimpleLit' not found
Refreshing native plugins compatible for Editor in 0,33 ms, found 0 plugins.
Preloading 0 native plugins for Editor in 0,00 ms.
Unloading 2283 Unused Serialized files (Serialized files now loaded: 0)
System memory in use before: 104,3 MB.
System memory in use after: 104,5 MB.

Unloading 5 unused Assets to reduce memory usage. Loaded Objects now: 2988.
Total: 2,227500 ms (FindLiveObjects: 0,229323 ms CreateObjectMapping: 0,090042 ms MarkObjects: 1,883797 ms  DeleteObjects: 0,023265 ms)

========================================================================
Received Prepare
Registering precompiled user dll's ...
Registered in 0,000601 seconds.
Begin MonoManager ReloadAssembly
Native extension for LinuxStandalone target not found
Refreshing native plugins compatible for Editor in 0,33 ms, found 0 plugins.
Preloading 0 native plugins for Editor in 0,00 ms.
Invoked RoslynAnalysisRunner static constructor.
RoslynAnalysisRunner will not be running.
RoslynAnalysisRunner has terminated.
Mono: successfully reloaded assembly
- Completed reload, in  0,622 seconds
Platform modules already initialized, skipping
Shader 'Universal Render Pipeline/Particles/Lit': fallback shader 'Universal Render Pipeline/Particles/SimpleLit' not found
Refreshing native plugins compatible for Editor in 0,33 ms, found 0 plugins.
Preloading 0 native plugins for Editor in 0,00 ms.
Unloading 2283 Unused Serialized files (Serialized files now loaded: 0)
System memory in use before: 104,3 MB.
System memory in use after: 104,5 MB.

Unloading 5 unused Assets to reduce memory usage. Loaded Objects now: 2990.
Total: 2,646467 ms (FindLiveObjects: 0,267651 ms CreateObjectMapping: 0,120224 ms MarkObjects: 2,228307 ms  DeleteObjects: 0,029352 ms)

========================================================================
Received Prepare
Shader 'Universal Render Pipeline/Particles/Lit': fallback shader 'Universal Render Pipeline/Particles/SimpleLit' not found
Refreshing native plugins compatible for Editor in 0,72 ms, found 0 plugins.
Preloading 0 native plugins for Editor in 0,00 ms.
Unloading 4 Unused Serialized files (Serialized files now loaded: 0)
System memory in use before: 59,1 MB.
System memory in use after: 59,3 MB.

Unloading 3 unused Assets to reduce memory usage. Loaded Objects now: 2990.
Total: 2,412573 ms (FindLiveObjects: 0,238930 ms CreateObjectMapping: 0,095743 ms MarkObjects: 2,057630 ms  DeleteObjects: 0,019244 ms)

========================================================================
Received Prepare
Shader 'Universal Render Pipeline/Particles/Lit': fallback shader 'Universal Render Pipeline/Particles/SimpleLit' not found
Refreshing native plugins compatible for Editor in 0,68 ms, found 0 plugins.
Preloading 0 native plugins for Editor in 0,00 ms.
Unloading 4 Unused Serialized files (Serialized files now loaded: 0)
System memory in use before: 59,1 MB.
System memory in use after: 59,3 MB.

Unloading 3 unused Assets to reduce memory usage. Loaded Objects now: 2990.
Total: 2,665045 ms (FindLiveObjects: 0,434410 ms CreateObjectMapping: 0,155774 ms MarkObjects: 2,050437 ms  DeleteObjects: 0,022962 ms)

